<?xml version="1.0" encoding="UTF-8"?>
<testsuite xmlns:xsi="http://www.w3.org/2001/XMLSchema-instance" xsi:noNamespaceSchemaLocation="https://maven.apache.org/surefire/maven-surefire-plugin/xsd/surefire-test-report-3.0.xsd" version="3.0" name="TestSuite" time="1.043" tests="9" errors="0" skipped="0" failures="0">
  <properties>
[...]
</properties>
  <testcase name="Arraychar" classname="Practise.Jiosupport" time="0.016">
    <system-out><![CDATA[Mango
]]></system-out>
  </testcase>
  <testcase name="checkprime" classname="Practise.Jiosupport" time="0">
    <system-out><![CDATA[number is prime
]]></system-out>
  </testcase>
  <testcase name="duplicatevalues" classname="Practise.Jiosupport" time="0.002">
    <system-out><![CDATA[{ =1, p=1, R=1, S=1, s=1, c=1, t=1, e=3, f=1, l=1}
e
]]></system-out>
  </testcase>
  <testcase name="missingnumberArray" classname="Practise.Jiosupport" time="0.004">
    <system-out><![CDATA[20
0 ,2 ,3 ,4 ,6 ,7 ,8 ,9 ,10 ,12 ,13 ,14 ,16 ,17 ,18 ,19 ,]]></system-out>
  </testcase>
  <testcase name="removespace" classname="Practise.Jiosupport" time="0.001">
    <system-out><![CDATA[ILoveIslam
]]></system-out>
  </testcase>
  <testcase name="reverseStr" classname="Practise.Jiosupport" time="0.001">
    <system-out><![CDATA[iahb maddaS
]]></system-out>
  </testcase>
  <testcase name="reversevowelsonly" classname="Practise.Jiosupport" time="0">
    <system-out><![CDATA[l iav  myefomlIy
]]></system-out>
  </testcase>
  <testcase name="reversewithfixedspace" classname="Practise.Jiosupport" time="0.001">
    <system-out><![CDATA[m alsI evolI
]]></system-out>
  </testcase>
  <testcase name="vowelsconsocount" classname="Practise.Jiosupport" time="0">
    <system-out><![CDATA[Number of vowels: 8
Number of Consonents: 8
]]></system-out>
  </testcase>
</testsuite>