<?xml version="1.0" encoding="UTF-8"?>
<testng-results ignored="0" total="9" passed="9" failed="0" skipped="0">
  <reporter-output>
  </reporter-output>
  <suite started-at="2022-04-11T08:24:29Z" name="All Test Suite" finished-at="2022-04-11T08:24:29Z" duration-ms="75">
    <groups>
    </groups>
    <test started-at="2022-04-11T08:24:29Z" name="C:/Users/Saddam/Desktop/TipsTricks/Blackbox" finished-at="2022-04-11T08:24:29Z" duration-ms="75">
      <class name="Practise.Jiosupport">
        <test-method signature="Arraychar()[pri:0, instance:Practise.Jiosupport@55b7a4e0]" started-at="2022-04-11T08:24:29Z" name="Arraychar" finished-at="2022-04-11T08:24:29Z" duration-ms="14" status="PASS">
          <reporter-output>
          </reporter-output>
        </test-method> <!-- Arraychar -->
        <test-method signature="checkprime()[pri:0, instance:Practise.Jiosupport@55b7a4e0]" started-at="2022-04-11T08:24:29Z" name="checkprime" finished-at="2022-04-11T08:24:29Z" duration-ms="1" status="PASS">
          <reporter-output>
          </reporter-output>
        </test-method> <!-- checkprime -->
        <test-method signature="duplicatevalues()[pri:0, instance:Practise.Jiosupport@55b7a4e0]" started-at="2022-04-11T08:24:29Z" name="duplicatevalues" finished-at="2022-04-11T08:24:29Z" duration-ms="2" status="PASS">
          <reporter-output>
          </reporter-output>
        </test-method> <!-- duplicatevalues -->
        <test-method signature="missingnumberArray()[pri:0, instance:Practise.Jiosupport@55b7a4e0]" started-at="2022-04-11T08:24:29Z" name="missingnumberArray" finished-at="2022-04-11T08:24:29Z" duration-ms="2" status="PASS">
          <reporter-output>
          </reporter-output>
        </test-method> <!-- missingnumberArray -->
        <test-method signature="removespace()[pri:0, instance:Practise.Jiosupport@55b7a4e0]" started-at="2022-04-11T08:24:29Z" name="removespace" finished-at="2022-04-11T08:24:29Z" duration-ms="0" status="PASS">
          <reporter-output>
          </reporter-output>
        </test-method> <!-- removespace -->
        <test-method signature="reverseStr()[pri:0, instance:Practise.Jiosupport@55b7a4e0]" started-at="2022-04-11T08:24:29Z" name="reverseStr" finished-at="2022-04-11T08:24:29Z" duration-ms="1" status="PASS">
          <reporter-output>
          </reporter-output>
        </test-method> <!-- reverseStr -->
        <test-method signature="reversevowelsonly()[pri:0, instance:Practise.Jiosupport@55b7a4e0]" started-at="2022-04-11T08:24:29Z" name="reversevowelsonly" finished-at="2022-04-11T08:24:29Z" duration-ms="1" status="PASS">
          <reporter-output>
          </reporter-output>
        </test-method> <!-- reversevowelsonly -->
        <test-method signature="reversewithfixedspace()[pri:0, instance:Practise.Jiosupport@55b7a4e0]" started-at="2022-04-11T08:24:29Z" name="reversewithfixedspace" finished-at="2022-04-11T08:24:29Z" duration-ms="1" status="PASS">
          <reporter-output>
          </reporter-output>
        </test-method> <!-- reversewithfixedspace -->
        <test-method signature="vowelsconsocount()[pri:0, instance:Practise.Jiosupport@55b7a4e0]" started-at="2022-04-11T08:24:29Z" name="vowelsconsocount" finished-at="2022-04-11T08:24:29Z" duration-ms="1" status="PASS">
          <reporter-output>
          </reporter-output>
        </test-method> <!-- vowelsconsocount -->
      </class> <!-- Practise.Jiosupport -->
    </test> <!-- C:/Users/Saddam/Desktop/TipsTricks/Blackbox -->
  </suite> <!-- All Test Suite -->
</testng-results>
